<?xml version="1.0" encoding="UTF-8"?>
<testng-results ignored="0" total="1" passed="1" failed="0" skipped="0">
  <reporter-output>
  </reporter-output>
  <suite started-at="2025-03-05T18:11:25 IST" name="Default suite" finished-at="2025-03-05T18:11:34 IST" duration-ms="8662">
    <groups>
    </groups>
    <test started-at="2025-03-05T18:11:25 IST" name="Default test" finished-at="2025-03-05T18:11:34 IST" duration-ms="8662">
      <class name="com.tests.com.LoginTest">
        <test-method is-config="true" signature="setup()[pri:0, instance:com.tests.com.LoginTest@4b013c76]" started-at="2025-03-05T18:11:18 IST" name="setup" finished-at="2025-03-05T18:11:25 IST" duration-ms="7272" status="PASS">
          <reporter-output>
          </reporter-output>
        </test-method> <!-- setup -->
        <test-method signature="loginToApplication()[pri:0, instance:com.tests.com.LoginTest@4b013c76]" started-at="2025-03-05T18:11:25 IST" name="loginToApplication" finished-at="2025-03-05T18:11:34 IST" duration-ms="8564" status="PASS">
          <reporter-output>
          </reporter-output>
        </test-method> <!-- loginToApplication -->
        <test-method is-config="true" signature="teardown()[pri:0, instance:com.tests.com.LoginTest@4b013c76]" started-at="2025-03-05T18:11:34 IST" name="teardown" finished-at="2025-03-05T18:11:35 IST" duration-ms="907" status="PASS">
          <reporter-output>
          </reporter-output>
        </test-method> <!-- teardown -->
      </class> <!-- com.tests.com.LoginTest -->
    </test> <!-- Default test -->
  </suite> <!-- Default suite -->
</testng-results>
